{"/Users/hari/development/gitrepos/nodejstesting/fetcher.spec.js":{"path":"/Users/hari/development/gitrepos/nodejstesting/fetcher.spec.js","s":{"1":1,"2":1,"3":1,"4":1,"5":1,"6":1,"7":1,"8":1,"9":1,"10":1,"11":1,"12":1,"13":1,"14":1,"15":1},"b":{},"f":{"1":1,"2":1,"3":1,"4":1},"fnMap":{"1":{"name":"(anonymous_1)","line":7,"loc":{"start":{"line":7,"column":20},"end":{"line":7,"column":31}}},"2":{"name":"(anonymous_2)","line":8,"loc":{"start":{"line":8,"column":20},"end":{"line":8,"column":36}}},"3":{"name":"(anonymous_3)","line":11,"loc":{"start":{"line":11,"column":33},"end":{"line":11,"column":52}}},"4":{"name":"(anonymous_4)","line":19,"loc":{"start":{"line":19,"column":42},"end":{"line":19,"column":63}}}},"statementMap":{"1":{"start":{"line":1,"column":0},"end":{"line":1,"column":30}},"2":{"start":{"line":2,"column":0},"end":{"line":2,"column":34}},"3":{"start":{"line":3,"column":0},"end":{"line":3,"column":37}},"4":{"start":{"line":5,"column":0},"end":{"line":5,"column":36}},"5":{"start":{"line":7,"column":0},"end":{"line":30,"column":2}},"6":{"start":{"line":8,"column":2},"end":{"line":27,"column":4}},"7":{"start":{"line":9,"column":4},"end":{"line":9,"column":36}},"8":{"start":{"line":10,"column":4},"end":{"line":10,"column":42}},"9":{"start":{"line":11,"column":4},"end":{"line":17,"column":6}},"10":{"start":{"line":12,"column":6},"end":{"line":16,"column":8}},"11":{"start":{"line":19,"column":4},"end":{"line":24,"column":6}},"12":{"start":{"line":20,"column":6},"end":{"line":22,"column":8}},"13":{"start":{"line":23,"column":6},"end":{"line":23,"column":12}},"14":{"start":{"line":26,"column":4},"end":{"line":26,"column":21}},"15":{"start":{"line":29,"column":2},"end":{"line":29,"column":16}}},"branchMap":{}},"/Users/hari/development/gitrepos/nodejstesting/fetcher.js":{"path":"/Users/hari/development/gitrepos/nodejstesting/fetcher.js","s":{"1":1,"2":1,"3":1,"4":1,"5":1,"6":0,"7":1,"8":1,"9":1},"b":{"1":[0,1]},"f":{"1":1,"2":1,"3":1,"4":1},"fnMap":{"1":{"name":"Fetcher","line":3,"loc":{"start":{"line":3,"column":0},"end":{"line":3,"column":27}}},"2":{"name":"(anonymous_2)","line":7,"loc":{"start":{"line":7,"column":31},"end":{"line":7,"column":52}}},"3":{"name":"(anonymous_3)","line":8,"loc":{"start":{"line":8,"column":19},"end":{"line":8,"column":44}}},"4":{"name":"(anonymous_4)","line":17,"loc":{"start":{"line":17,"column":24},"end":{"line":17,"column":43}}}},"statementMap":{"1":{"start":{"line":1,"column":0},"end":{"line":1,"column":34}},"2":{"start":{"line":3,"column":0},"end":{"line":5,"column":1}},"3":{"start":{"line":7,"column":0},"end":{"line":15,"column":1}},"4":{"start":{"line":8,"column":2},"end":{"line":14,"column":4}},"5":{"start":{"line":9,"column":4},"end":{"line":11,"column":5}},"6":{"start":{"line":10,"column":6},"end":{"line":10,"column":22}},"7":{"start":{"line":13,"column":4},"end":{"line":13,"column":32}},"8":{"start":{"line":17,"column":0},"end":{"line":19,"column":1}},"9":{"start":{"line":18,"column":2},"end":{"line":18,"column":29}}},"branchMap":{"1":{"line":9,"type":"if","locations":[{"start":{"line":9,"column":4},"end":{"line":9,"column":4}},{"start":{"line":9,"column":4},"end":{"line":9,"column":4}}]}}},"/Users/hari/development/gitrepos/nodejstesting/users.e2e.spec.js":{"path":"/Users/hari/development/gitrepos/nodejstesting/users.e2e.spec.js","s":{"1":1,"2":1,"3":1,"4":1,"5":1,"6":1,"7":1,"8":1},"b":{},"f":{"1":1,"2":1,"3":1},"fnMap":{"1":{"name":"(anonymous_1)","line":5,"loc":{"start":{"line":5,"column":18},"end":{"line":5,"column":30}}},"2":{"name":"(anonymous_2)","line":6,"loc":{"start":{"line":6,"column":14},"end":{"line":6,"column":30}}},"3":{"name":"(anonymous_3)","line":13,"loc":{"start":{"line":13,"column":19},"end":{"line":13,"column":40}}}},"statementMap":{"1":{"start":{"line":1,"column":0},"end":{"line":1,"column":36}},"2":{"start":{"line":2,"column":0},"end":{"line":2,"column":37}},"3":{"start":{"line":3,"column":0},"end":{"line":3,"column":34}},"4":{"start":{"line":5,"column":0},"end":{"line":20,"column":2}},"5":{"start":{"line":6,"column":2},"end":{"line":19,"column":4}},"6":{"start":{"line":9,"column":4},"end":{"line":18,"column":8}},"7":{"start":{"line":14,"column":8},"end":{"line":16,"column":10}},"8":{"start":{"line":17,"column":8},"end":{"line":17,"column":14}}},"branchMap":{}},"/Users/hari/development/gitrepos/nodejstesting/server.js":{"path":"/Users/hari/development/gitrepos/nodejstesting/server.js","s":{"1":1,"2":1,"3":1,"4":1,"5":1},"b":{},"f":{"1":1},"fnMap":{"1":{"name":"(anonymous_1)","line":5,"loc":{"start":{"line":5,"column":18},"end":{"line":5,"column":38}}}},"statementMap":{"1":{"start":{"line":1,"column":0},"end":{"line":1,"column":34}},"2":{"start":{"line":3,"column":0},"end":{"line":3,"column":21}},"3":{"start":{"line":5,"column":0},"end":{"line":9,"column":2}},"4":{"start":{"line":6,"column":2},"end":{"line":8,"column":4}},"5":{"start":{"line":11,"column":0},"end":{"line":11,"column":20}}},"branchMap":{}}}