TN:
SF:/Users/hari/development/gitrepos/nodejstesting/fetcher.spec.js
FN:7,(anonymous_1)
FN:8,(anonymous_2)
FN:11,(anonymous_3)
FN:19,(anonymous_4)
FNF:4
FNH:4
FNDA:1,(anonymous_1)
FNDA:1,(anonymous_2)
FNDA:1,(anonymous_3)
FNDA:1,(anonymous_4)
DA:1,1
DA:2,1
DA:3,1
DA:5,1
DA:7,1
DA:8,1
DA:9,1
DA:10,1
DA:11,1
DA:12,1
DA:19,1
DA:20,1
DA:23,1
DA:26,1
DA:29,1
LF:15
LH:15
BRF:0
BRH:0
end_of_record
TN:
SF:/Users/hari/development/gitrepos/nodejstesting/fetcher.js
FN:3,Fetcher
FN:7,(anonymous_2)
FN:8,(anonymous_3)
FN:17,(anonymous_4)
FNF:4
FNH:4
FNDA:1,Fetcher
FNDA:1,(anonymous_2)
FNDA:1,(anonymous_3)
FNDA:1,(anonymous_4)
DA:1,1
DA:3,1
DA:7,1
DA:8,1
DA:9,1
DA:10,0
DA:13,1
DA:17,1
DA:18,1
LF:9
LH:8
BRDA:9,1,0,0
BRDA:9,1,1,1
BRF:2
BRH:1
end_of_record
TN:
SF:/Users/hari/development/gitrepos/nodejstesting/users.e2e.spec.js
FN:5,(anonymous_1)
FN:6,(anonymous_2)
FN:13,(anonymous_3)
FNF:3
FNH:3
FNDA:1,(anonymous_1)
FNDA:1,(anonymous_2)
FNDA:1,(anonymous_3)
DA:1,1
DA:2,1
DA:3,1
DA:5,1
DA:6,1
DA:9,1
DA:14,1
DA:17,1
LF:8
LH:8
BRF:0
BRH:0
end_of_record
TN:
SF:/Users/hari/development/gitrepos/nodejstesting/server.js
FN:5,(anonymous_1)
FNF:1
FNH:1
FNDA:1,(anonymous_1)
DA:1,1
DA:3,1
DA:5,1
DA:6,1
DA:11,1
LF:5
LH:5
BRF:0
BRH:0
end_of_record
