TN:
SF:/Users/hari/development/gitrepos/nodejstesting/fetcher.spec.js
FN:7,(anonymous_1)
FN:8,(anonymous_2)
FN:11,(anonymous_3)
FN:19,(anonymous_4)
FNF:4
FNH:0
FNDA:0,(anonymous_1)
FNDA:0,(anonymous_2)
FNDA:0,(anonymous_3)
FNDA:0,(anonymous_4)
DA:1,1
DA:2,1
DA:3,1
DA:5,1
DA:7,1
DA:8,0
DA:9,0
DA:10,0
DA:11,0
DA:12,0
DA:19,0
DA:20,0
DA:23,0
DA:26,0
DA:29,0
LF:15
LH:5
BRF:0
BRH:0
end_of_record
TN:
SF:/Users/hari/development/gitrepos/nodejstesting/fetcher.js
FN:3,Fetcher
FN:7,(anonymous_2)
FN:8,(anonymous_3)
FN:17,(anonymous_4)
FNF:4
FNH:0
FNDA:0,Fetcher
FNDA:0,(anonymous_2)
FNDA:0,(anonymous_3)
FNDA:0,(anonymous_4)
DA:1,1
DA:3,1
DA:7,1
DA:8,0
DA:9,0
DA:10,0
DA:13,0
DA:17,1
DA:18,0
LF:9
LH:4
BRDA:9,1,0,0
BRDA:9,1,1,0
BRF:2
BRH:0
end_of_record
